[14:19:55] - Job ID: 1 - Prioridad: PREMIUM - Evento: CREADO
[14:19:55] - Job ID: 2 - Prioridad: PREMIUM - Evento: CREADO
[14:19:55] - Job ID: 3 - Prioridad: PREMIUM - Evento: CREADO
[14:19:55] - Job ID: 3 - Prioridad: PREMIUM - Evento: EN_COLA
[14:19:55] - Job ID: 2 - Prioridad: PREMIUM - Evento: EN_COLA
[14:19:55] - Job ID: 1 - Prioridad: PREMIUM - Evento: EN_COLA
[14:19:55] - Job ID: 4 - Prioridad: PREMIUM - Evento: CREADO
[14:19:55] - Job ID: 3 - Prioridad: PREMIUM - Evento: DESENCOLANDO
[14:19:55] - Job ID: 5 - Prioridad: PREMIUM - Evento: CREADO
[14:19:55] - Job ID: 6 - Prioridad: PREMIUM - Evento: CREADO
[14:19:55] - Job ID: 3 - Prioridad: PREMIUM - Evento: ASIGNADO_VRAM
[14:19:55] - Job ID: 2 - Prioridad: PREMIUM - Evento: DESENCOLANDO
[14:19:55] - Job ID: 1 - Prioridad: PREMIUM - Evento: DESENCOLANDO
[14:19:55] - Job ID: 4 - Prioridad: PREMIUM - Evento: EN_COLA
[14:19:55] - Job ID: 5 - Prioridad: PREMIUM - Evento: EN_COLA
[14:19:55] - Job ID: 6 - Prioridad: PREMIUM - Evento: EN_COLA
[14:19:55] - Job ID: 7 - Prioridad: FREE - Evento: CREADO
[14:19:55] - Job ID: 8 - Prioridad: FREE - Evento: CREADO
[14:19:55] - Job ID: 9 - Prioridad: FREE - Evento: CREADO
[14:19:55] - Job ID: 8 - Prioridad: FREE - Evento: EN_COLA
[14:19:55] - Job ID: 9 - Prioridad: FREE - Evento: EN_COLA
[14:19:55] - Job ID: 7 - Prioridad: FREE - Evento: EN_COLA
[14:19:55] - Job ID: 10 - Prioridad: FREE - Evento: CREADO
[14:19:55] - Job ID: 11 - Prioridad: FREE - Evento: CREADO
[14:19:55] - Job ID: 12 - Prioridad: FREE - Evento: CREADO
[14:19:55] - Job ID: 12 - Prioridad: FREE - Evento: EN_COLA
[14:19:55] - Job ID: 11 - Prioridad: FREE - Evento: EN_COLA
[14:19:55] - Job ID: 10 - Prioridad: FREE - Evento: EN_COLA
[14:19:55] - Job ID: 13 - Prioridad: PREMIUM - Evento: CREADO
[14:19:55] - Job ID: 14 - Prioridad: PREMIUM - Evento: CREADO
[14:19:55] - Job ID: 15 - Prioridad: PREMIUM - Evento: CREADO
[14:19:55] - Job ID: 14 - Prioridad: PREMIUM - Evento: EN_COLA
[14:19:55] - Job ID: 15 - Prioridad: PREMIUM - Evento: EN_COLA
[14:19:55] - Job ID: 13 - Prioridad: PREMIUM - Evento: EN_COLA
[14:19:55] - Job ID: 16 - Prioridad: FREE - Evento: CREADO
[14:19:55] - Job ID: 17 - Prioridad: FREE - Evento: CREADO
[14:19:55] - Job ID: 18 - Prioridad: FREE - Evento: CREADO
[14:19:55] - Job ID: 2 - Prioridad: PREMIUM - Evento: ASIGNADO_VRAM
[14:19:56] - Job ID: 18 - Prioridad: FREE - Evento: EN_COLA
[14:19:56] - Job ID: 17 - Prioridad: FREE - Evento: EN_COLA
[14:19:56] - Job ID: 16 - Prioridad: FREE - Evento: EN_COLA
[14:19:56] - Job ID: 19 - Prioridad: FREE - Evento: CREADO
[14:19:56] - Job ID: 20 - Prioridad: FREE - Evento: CREADO
[14:19:56] - Job ID: 21 - Prioridad: FREE - Evento: CREADO
[14:19:56] - Job ID: 20 - Prioridad: FREE - Evento: EN_COLA
[14:19:56] - Job ID: 21 - Prioridad: FREE - Evento: EN_COLA
[14:19:56] - Job ID: 19 - Prioridad: FREE - Evento: EN_COLA
[14:19:56] - Job ID: 22 - Prioridad: FREE - Evento: CREADO
[14:19:56] - Job ID: 23 - Prioridad: FREE - Evento: CREADO
[14:19:56] - Job ID: 24 - Prioridad: FREE - Evento: CREADO
[14:19:56] - Job ID: 23 - Prioridad: FREE - Evento: EN_COLA
[14:19:56] - Job ID: 22 - Prioridad: FREE - Evento: EN_COLA
[14:19:56] - Job ID: 24 - Prioridad: FREE - Evento: EN_COLA
[14:19:56] - Job ID: 25 - Prioridad: FREE - Evento: CREADO
[14:19:56] - Job ID: 26 - Prioridad: FREE - Evento: CREADO
[14:19:56] - Job ID: 27 - Prioridad: FREE - Evento: CREADO
[14:19:56] - Job ID: 27 - Prioridad: FREE - Evento: EN_COLA
[14:19:56] - Job ID: 26 - Prioridad: FREE - Evento: EN_COLA
[14:19:56] - Job ID: 25 - Prioridad: FREE - Evento: EN_COLA
[14:19:56] - Job ID: 28 - Prioridad: FREE - Evento: CREADO
[14:19:56] - Job ID: 29 - Prioridad: FREE - Evento: CREADO
[14:19:56] - Job ID: 30 - Prioridad: FREE - Evento: CREADO
[14:19:56] - Job ID: 1 - Prioridad: PREMIUM - Evento: ASIGNADO_VRAM
[14:19:56] - Job ID: 30 - Prioridad: FREE - Evento: EN_COLA
[14:19:56] - Job ID: 28 - Prioridad: FREE - Evento: EN_COLA
[14:19:56] - Job ID: 29 - Prioridad: FREE - Evento: EN_COLA
[14:19:56] - Job ID: 3 - Prioridad: PREMIUM - Evento: FINALIZADO_VRAM
[14:19:56] - Job ID: 4 - Prioridad: PREMIUM - Evento: DESENCOLANDO
[14:19:56] - Job ID: 4 - Prioridad: PREMIUM - Evento: ASIGNADO_VRAM
[14:19:57] - Job ID: 2 - Prioridad: PREMIUM - Evento: FINALIZADO_VRAM
[14:19:57] - Job ID: 5 - Prioridad: PREMIUM - Evento: DESENCOLANDO
[14:19:57] - Job ID: 5 - Prioridad: PREMIUM - Evento: ASIGNADO_VRAM
[14:19:57] - Job ID: 1 - Prioridad: PREMIUM - Evento: FINALIZADO_VRAM
[14:19:57] - Job ID: 6 - Prioridad: PREMIUM - Evento: DESENCOLANDO
[14:19:57] - Job ID: 6 - Prioridad: PREMIUM - Evento: ASIGNADO_VRAM
[14:19:57] - Job ID: 4 - Prioridad: PREMIUM - Evento: FINALIZADO_VRAM
[14:19:58] - Job ID: 14 - Prioridad: PREMIUM - Evento: DESENCOLANDO
[14:19:58] - Job ID: 14 - Prioridad: PREMIUM - Evento: ASIGNADO_VRAM
[14:19:58] - Job ID: 5 - Prioridad: PREMIUM - Evento: FINALIZADO_VRAM
[14:19:58] - Job ID: 15 - Prioridad: PREMIUM - Evento: DESENCOLANDO
[14:19:58] - Job ID: 15 - Prioridad: PREMIUM - Evento: ASIGNADO_VRAM
[14:19:58] - Job ID: 6 - Prioridad: PREMIUM - Evento: FINALIZADO_VRAM
[14:19:59] - Job ID: 8 - Prioridad: FREE - Evento: DESENCOLANDO
[14:19:59] - Job ID: 8 - Prioridad: FREE - Evento: ASIGNADO_VRAM
[14:19:59] - Job ID: 14 - Prioridad: PREMIUM - Evento: FINALIZADO_VRAM
[14:19:59] - Job ID: 13 - Prioridad: PREMIUM - Evento: DESENCOLANDO
[14:19:59] - Job ID: 13 - Prioridad: PREMIUM - Evento: ASIGNADO_VRAM
[14:19:59] - Job ID: 15 - Prioridad: PREMIUM - Evento: FINALIZADO_VRAM
[14:20:0] - Job ID: 9 - Prioridad: FREE - Evento: DESENCOLANDO
[14:20:0] - Job ID: 9 - Prioridad: FREE - Evento: ASIGNADO_VRAM
[14:20:0] - Job ID: 8 - Prioridad: FREE - Evento: FINALIZADO_VRAM
[14:20:0] - Job ID: 7 - Prioridad: FREE - Evento: DESENCOLANDO
[14:20:0] - Job ID: 7 - Prioridad: FREE - Evento: ASIGNADO_VRAM
[14:20:0] - Job ID: 13 - Prioridad: PREMIUM - Evento: FINALIZADO_VRAM
[14:20:0] - Job ID: 12 - Prioridad: FREE - Evento: DESENCOLANDO
[14:20:1] - Job ID: 12 - Prioridad: FREE - Evento: ASIGNADO_VRAM
[14:20:1] - Job ID: 9 - Prioridad: FREE - Evento: FINALIZADO_VRAM
[14:20:1] - Job ID: 11 - Prioridad: FREE - Evento: DESENCOLANDO
[14:20:1] - Job ID: 11 - Prioridad: FREE - Evento: ASIGNADO_VRAM
[14:20:1] - Job ID: 7 - Prioridad: FREE - Evento: FINALIZADO_VRAM
[14:20:1] - Job ID: 10 - Prioridad: FREE - Evento: DESENCOLANDO
[14:20:1] - Job ID: 10 - Prioridad: FREE - Evento: ASIGNADO_VRAM
[14:20:2] - Job ID: 12 - Prioridad: FREE - Evento: FINALIZADO_VRAM
[14:20:2] - Job ID: 18 - Prioridad: FREE - Evento: DESENCOLANDO
[14:20:2] - Job ID: 18 - Prioridad: FREE - Evento: ASIGNADO_VRAM
[14:20:2] - Job ID: 11 - Prioridad: FREE - Evento: FINALIZADO_VRAM
[14:20:2] - Job ID: 17 - Prioridad: FREE - Evento: DESENCOLANDO
[14:20:2] - Job ID: 17 - Prioridad: FREE - Evento: ASIGNADO_VRAM
[14:20:2] - Job ID: 10 - Prioridad: FREE - Evento: FINALIZADO_VRAM
[14:20:3] - Job ID: 16 - Prioridad: FREE - Evento: DESENCOLANDO
[14:20:3] - Job ID: 16 - Prioridad: FREE - Evento: ASIGNADO_VRAM
[14:20:3] - Job ID: 18 - Prioridad: FREE - Evento: FINALIZADO_VRAM
[14:20:3] - Job ID: 20 - Prioridad: FREE - Evento: DESENCOLANDO
[14:20:3] - Job ID: 20 - Prioridad: FREE - Evento: ASIGNADO_VRAM
[14:20:3] - Job ID: 17 - Prioridad: FREE - Evento: FINALIZADO_VRAM
[14:20:4] - Job ID: 21 - Prioridad: FREE - Evento: DESENCOLANDO
[14:20:4] - Job ID: 21 - Prioridad: FREE - Evento: ASIGNADO_VRAM
[14:20:4] - Job ID: 16 - Prioridad: FREE - Evento: FINALIZADO_VRAM
[14:20:4] - Job ID: 19 - Prioridad: FREE - Evento: DESENCOLANDO
[14:20:4] - Job ID: 19 - Prioridad: FREE - Evento: ASIGNADO_VRAM
[14:20:4] - Job ID: 20 - Prioridad: FREE - Evento: FINALIZADO_VRAM
[14:20:5] - Job ID: 23 - Prioridad: FREE - Evento: DESENCOLANDO
[14:20:5] - Job ID: 23 - Prioridad: FREE - Evento: ASIGNADO_VRAM
[14:20:5] - Job ID: 21 - Prioridad: FREE - Evento: FINALIZADO_VRAM
[14:20:5] - Job ID: 22 - Prioridad: FREE - Evento: DESENCOLANDO
[14:20:5] - Job ID: 22 - Prioridad: FREE - Evento: ASIGNADO_VRAM
[14:20:5] - Job ID: 19 - Prioridad: FREE - Evento: FINALIZADO_VRAM
[14:20:5] - Job ID: 24 - Prioridad: FREE - Evento: DESENCOLANDO
[14:20:6] - Job ID: 24 - Prioridad: FREE - Evento: ASIGNADO_VRAM
[14:20:6] - Job ID: 23 - Prioridad: FREE - Evento: FINALIZADO_VRAM
[14:20:6] - Job ID: 27 - Prioridad: FREE - Evento: DESENCOLANDO
[14:20:6] - Job ID: 27 - Prioridad: FREE - Evento: ASIGNADO_VRAM
[14:20:6] - Job ID: 22 - Prioridad: FREE - Evento: FINALIZADO_VRAM
[14:20:6] - Job ID: 26 - Prioridad: FREE - Evento: DESENCOLANDO
[14:20:6] - Job ID: 26 - Prioridad: FREE - Evento: ASIGNADO_VRAM
[14:20:7] - Job ID: 24 - Prioridad: FREE - Evento: FINALIZADO_VRAM
[14:20:7] - Job ID: 25 - Prioridad: FREE - Evento: DESENCOLANDO
[14:20:7] - Job ID: 25 - Prioridad: FREE - Evento: ASIGNADO_VRAM
[14:20:7] - Job ID: 27 - Prioridad: FREE - Evento: FINALIZADO_VRAM
[14:20:7] - Job ID: 30 - Prioridad: FREE - Evento: DESENCOLANDO
[14:20:7] - Job ID: 30 - Prioridad: FREE - Evento: ASIGNADO_VRAM
[14:20:7] - Job ID: 26 - Prioridad: FREE - Evento: FINALIZADO_VRAM
[14:20:8] - Job ID: 28 - Prioridad: FREE - Evento: DESENCOLANDO
[14:20:8] - Job ID: 28 - Prioridad: FREE - Evento: ASIGNADO_VRAM
[14:20:8] - Job ID: 25 - Prioridad: FREE - Evento: FINALIZADO_VRAM
[14:20:8] - Job ID: 29 - Prioridad: FREE - Evento: DESENCOLANDO
[14:20:8] - Job ID: 29 - Prioridad: FREE - Evento: ASIGNADO_VRAM
[14:20:8] - Job ID: 30 - Prioridad: FREE - Evento: FINALIZADO_VRAM
[14:20:9] - Job ID: 28 - Prioridad: FREE - Evento: FINALIZADO_VRAM
[14:20:9] - Job ID: 29 - Prioridad: FREE - Evento: FINALIZADO_VRAM
[14:37:20] - Job ID: 1 - Prioridad: PREMIUM - Evento: CREADO
[14:37:20] - Job ID: 1 - Prioridad: PREMIUM - Evento: EN_COLA
[14:37:20] - Job ID: 1 - Prioridad: PREMIUM - Evento: DESENCOLANDO
[14:37:20] - Job ID: 1 - Prioridad: PREMIUM - Evento: ASIGNADO_VRAM
[14:37:20] - Job ID: 2 - Prioridad: PREMIUM - Evento: CREADO
[14:37:20] - Job ID: 2 - Prioridad: PREMIUM - Evento: EN_COLA
[14:37:20] - Job ID: 2 - Prioridad: PREMIUM - Evento: DESENCOLANDO
[14:37:20] - Job ID: 3 - Prioridad: FREE - Evento: CREADO
[14:37:20] - Job ID: 3 - Prioridad: FREE - Evento: EN_COLA
[14:37:20] - Job ID: 4 - Prioridad: FREE - Evento: CREADO
[14:37:20] - Job ID: 4 - Prioridad: FREE - Evento: EN_COLA
[14:37:20] - Job ID: 5 - Prioridad: PREMIUM - Evento: CREADO
[14:37:21] - Job ID: 5 - Prioridad: PREMIUM - Evento: EN_COLA
[14:37:21] - Job ID: 6 - Prioridad: FREE - Evento: CREADO
[14:37:21] - Job ID: 2 - Prioridad: PREMIUM - Evento: ASIGNADO_VRAM
[14:37:21] - Job ID: 6 - Prioridad: FREE - Evento: EN_COLA
[14:37:21] - Job ID: 7 - Prioridad: FREE - Evento: CREADO
[14:37:21] - Job ID: 7 - Prioridad: FREE - Evento: EN_COLA
[14:37:21] - Job ID: 8 - Prioridad: FREE - Evento: CREADO
[14:37:21] - Job ID: 8 - Prioridad: FREE - Evento: EN_COLA
[14:37:21] - Job ID: 9 - Prioridad: FREE - Evento: CREADO
[14:37:21] - Job ID: 9 - Prioridad: FREE - Evento: EN_COLA
[14:37:21] - Job ID: 10 - Prioridad: FREE - Evento: CREADO
[14:37:21] - Job ID: 1 - Prioridad: PREMIUM - Evento: FINALIZADO_VRAM
[14:37:21] - Job ID: 10 - Prioridad: FREE - Evento: EN_COLA
[14:37:21] - Job ID: 5 - Prioridad: PREMIUM - Evento: DESENCOLANDO
[14:37:21] - Job ID: 5 - Prioridad: PREMIUM - Evento: ASIGNADO_VRAM
[14:37:22] - Job ID: 2 - Prioridad: PREMIUM - Evento: FINALIZADO_VRAM
[14:37:22] - Job ID: 3 - Prioridad: FREE - Evento: DESENCOLANDO
[14:37:22] - Job ID: 3 - Prioridad: FREE - Evento: ASIGNADO_VRAM
[14:37:22] - Job ID: 5 - Prioridad: PREMIUM - Evento: FINALIZADO_VRAM
[14:37:23] - Job ID: 4 - Prioridad: FREE - Evento: DESENCOLANDO
[14:37:23] - Job ID: 4 - Prioridad: FREE - Evento: ASIGNADO_VRAM
[14:37:23] - Job ID: 3 - Prioridad: FREE - Evento: FINALIZADO_VRAM
[14:37:23] - Job ID: 6 - Prioridad: FREE - Evento: DESENCOLANDO
[14:37:23] - Job ID: 6 - Prioridad: FREE - Evento: ASIGNADO_VRAM
[14:37:24] - Job ID: 4 - Prioridad: FREE - Evento: FINALIZADO_VRAM
[14:37:24] - Job ID: 7 - Prioridad: FREE - Evento: DESENCOLANDO
[14:37:24] - Job ID: 7 - Prioridad: FREE - Evento: ASIGNADO_VRAM
[14:37:24] - Job ID: 6 - Prioridad: FREE - Evento: FINALIZADO_VRAM
[14:37:25] - Job ID: 8 - Prioridad: FREE - Evento: DESENCOLANDO
[14:37:25] - Job ID: 8 - Prioridad: FREE - Evento: ASIGNADO_VRAM
[14:37:25] - Job ID: 7 - Prioridad: FREE - Evento: FINALIZADO_VRAM
[14:37:25] - Job ID: 9 - Prioridad: FREE - Evento: DESENCOLANDO
[14:37:25] - Job ID: 9 - Prioridad: FREE - Evento: ASIGNADO_VRAM
[14:37:26] - Job ID: 8 - Prioridad: FREE - Evento: FINALIZADO_VRAM
[14:37:26] - Job ID: 10 - Prioridad: FREE - Evento: DESENCOLANDO
[14:37:26] - Job ID: 10 - Prioridad: FREE - Evento: ASIGNADO_VRAM
[14:37:26] - Job ID: 9 - Prioridad: FREE - Evento: FINALIZADO_VRAM
[14:37:27] - Job ID: 10 - Prioridad: FREE - Evento: FINALIZADO_VRAM
[14:38:38] - Job ID: 1 - Prioridad: PREMIUM - Evento: CREADO
[14:38:38] - Job ID: 2 - Prioridad: PREMIUM - Evento: CREADO
[14:38:38] - Job ID: 3 - Prioridad: PREMIUM - Evento: CREADO
[14:38:39] - Job ID: 3 - Prioridad: PREMIUM - Evento: EN_COLA
[14:38:39] - Job ID: 1 - Prioridad: PREMIUM - Evento: EN_COLA
[14:38:39] - Job ID: 2 - Prioridad: PREMIUM - Evento: EN_COLA
[14:38:39] - Job ID: 3 - Prioridad: PREMIUM - Evento: DESENCOLANDO
[14:38:39] - Job ID: 4 - Prioridad: PREMIUM - Evento: CREADO
[14:38:39] - Job ID: 3 - Prioridad: PREMIUM - Evento: ASIGNADO_VRAM
[14:38:39] - Job ID: 5 - Prioridad: PREMIUM - Evento: CREADO
[14:38:39] - Job ID: 6 - Prioridad: PREMIUM - Evento: CREADO
[14:38:39] - Job ID: 5 - Prioridad: PREMIUM - Evento: EN_COLA
[14:38:39] - Job ID: 6 - Prioridad: PREMIUM - Evento: EN_COLA
[14:38:39] - Job ID: 4 - Prioridad: PREMIUM - Evento: EN_COLA
[14:38:39] - Job ID: 7 - Prioridad: FREE - Evento: CREADO
[14:38:39] - Job ID: 8 - Prioridad: FREE - Evento: CREADO
[14:38:39] - Job ID: 9 - Prioridad: FREE - Evento: CREADO
[14:38:39] - Job ID: 9 - Prioridad: FREE - Evento: EN_COLA
[14:38:39] - Job ID: 8 - Prioridad: FREE - Evento: EN_COLA
[14:38:39] - Job ID: 7 - Prioridad: FREE - Evento: EN_COLA
[14:38:39] - Job ID: 10 - Prioridad: FREE - Evento: CREADO
[14:38:39] - Job ID: 11 - Prioridad: FREE - Evento: CREADO
[14:38:39] - Job ID: 12 - Prioridad: FREE - Evento: CREADO
[14:38:39] - Job ID: 12 - Prioridad: FREE - Evento: EN_COLA
[14:38:39] - Job ID: 11 - Prioridad: FREE - Evento: EN_COLA
[14:38:39] - Job ID: 10 - Prioridad: FREE - Evento: EN_COLA
[14:38:39] - Job ID: 13 - Prioridad: PREMIUM - Evento: CREADO
[14:38:39] - Job ID: 14 - Prioridad: PREMIUM - Evento: CREADO
[14:38:39] - Job ID: 15 - Prioridad: PREMIUM - Evento: CREADO
[14:38:39] - Job ID: 15 - Prioridad: PREMIUM - Evento: EN_COLA
[14:38:39] - Job ID: 13 - Prioridad: PREMIUM - Evento: EN_COLA
[14:38:39] - Job ID: 14 - Prioridad: PREMIUM - Evento: EN_COLA
[14:38:39] - Job ID: 16 - Prioridad: FREE - Evento: CREADO
[14:38:39] - Job ID: 17 - Prioridad: FREE - Evento: CREADO
[14:38:39] - Job ID: 18 - Prioridad: FREE - Evento: CREADO
[14:38:39] - Job ID: 18 - Prioridad: FREE - Evento: EN_COLA
[14:38:39] - Job ID: 17 - Prioridad: FREE - Evento: EN_COLA
[14:38:39] - Job ID: 16 - Prioridad: FREE - Evento: EN_COLA
[14:38:39] - Job ID: 19 - Prioridad: FREE - Evento: CREADO
[14:38:39] - Job ID: 20 - Prioridad: FREE - Evento: CREADO
[14:38:39] - Job ID: 21 - Prioridad: FREE - Evento: CREADO
[14:38:39] - Job ID: 21 - Prioridad: FREE - Evento: EN_COLA
[14:38:39] - Job ID: 20 - Prioridad: FREE - Evento: EN_COLA
[14:38:39] - Job ID: 19 - Prioridad: FREE - Evento: EN_COLA
[14:38:39] - Job ID: 22 - Prioridad: FREE - Evento: CREADO
[14:38:39] - Job ID: 23 - Prioridad: FREE - Evento: CREADO
[14:38:39] - Job ID: 24 - Prioridad: FREE - Evento: CREADO
[14:38:39] - Job ID: 24 - Prioridad: FREE - Evento: EN_COLA
[14:38:39] - Job ID: 22 - Prioridad: FREE - Evento: EN_COLA
[14:38:39] - Job ID: 23 - Prioridad: FREE - Evento: EN_COLA
[14:38:39] - Job ID: 25 - Prioridad: FREE - Evento: CREADO
[14:38:39] - Job ID: 26 - Prioridad: FREE - Evento: CREADO
[14:38:39] - Job ID: 27 - Prioridad: FREE - Evento: CREADO
[14:38:39] - Job ID: 26 - Prioridad: FREE - Evento: EN_COLA
[14:38:39] - Job ID: 25 - Prioridad: FREE - Evento: EN_COLA
[14:38:39] - Job ID: 27 - Prioridad: FREE - Evento: EN_COLA
[14:38:39] - Job ID: 28 - Prioridad: FREE - Evento: CREADO
[14:38:39] - Job ID: 29 - Prioridad: FREE - Evento: CREADO
[14:38:39] - Job ID: 30 - Prioridad: FREE - Evento: CREADO
[14:38:40] - Job ID: 28 - Prioridad: FREE - Evento: EN_COLA
[14:38:40] - Job ID: 30 - Prioridad: FREE - Evento: EN_COLA
[14:38:40] - Job ID: 29 - Prioridad: FREE - Evento: EN_COLA
[14:38:40] - Job ID: 3 - Prioridad: PREMIUM - Evento: FINALIZADO_VRAM
[14:38:40] - Job ID: 1 - Prioridad: PREMIUM - Evento: DESENCOLANDO
[14:38:40] - Job ID: 1 - Prioridad: PREMIUM - Evento: ASIGNADO_VRAM
[14:38:41] - Job ID: 1 - Prioridad: PREMIUM - Evento: FINALIZADO_VRAM
[14:38:41] - Job ID: 2 - Prioridad: PREMIUM - Evento: DESENCOLANDO
[14:38:41] - Job ID: 2 - Prioridad: PREMIUM - Evento: ASIGNADO_VRAM
[14:38:42] - Job ID: 2 - Prioridad: PREMIUM - Evento: FINALIZADO_VRAM
[14:38:43] - Job ID: 5 - Prioridad: PREMIUM - Evento: DESENCOLANDO
[14:38:43] - Job ID: 5 - Prioridad: PREMIUM - Evento: ASIGNADO_VRAM
[14:38:44] - Job ID: 5 - Prioridad: PREMIUM - Evento: FINALIZADO_VRAM
[14:38:44] - Job ID: 9 - Prioridad: FREE - Evento: DESENCOLANDO
[14:38:44] - Job ID: 9 - Prioridad: FREE - Evento: ASIGNADO_VRAM
[14:38:45] - Job ID: 9 - Prioridad: FREE - Evento: FINALIZADO_VRAM
[14:38:45] - Job ID: 8 - Prioridad: FREE - Evento: DESENCOLANDO
[14:38:45] - Job ID: 8 - Prioridad: FREE - Evento: ASIGNADO_VRAM
[14:38:46] - Job ID: 8 - Prioridad: FREE - Evento: FINALIZADO_VRAM
[14:38:47] - Job ID: 7 - Prioridad: FREE - Evento: DESENCOLANDO
[14:38:47] - Job ID: 7 - Prioridad: FREE - Evento: ASIGNADO_VRAM
[14:38:48] - Job ID: 7 - Prioridad: FREE - Evento: FINALIZADO_VRAM
[14:38:48] - Job ID: 12 - Prioridad: FREE - Evento: DESENCOLANDO
[14:38:48] - Job ID: 12 - Prioridad: FREE - Evento: ASIGNADO_VRAM
[14:38:49] - Job ID: 12 - Prioridad: FREE - Evento: FINALIZADO_VRAM
[14:38:49] - Job ID: 11 - Prioridad: FREE - Evento: DESENCOLANDO
[14:38:49] - Job ID: 11 - Prioridad: FREE - Evento: ASIGNADO_VRAM
[14:38:50] - Job ID: 11 - Prioridad: FREE - Evento: FINALIZADO_VRAM
[14:38:50] - Job ID: 10 - Prioridad: FREE - Evento: DESENCOLANDO
[14:38:51] - Job ID: 10 - Prioridad: FREE - Evento: ASIGNADO_VRAM
[14:38:52] - Job ID: 10 - Prioridad: FREE - Evento: FINALIZADO_VRAM
[14:38:52] - Job ID: 18 - Prioridad: FREE - Evento: DESENCOLANDO
[14:38:52] - Job ID: 18 - Prioridad: FREE - Evento: ASIGNADO_VRAM
[14:38:53] - Job ID: 18 - Prioridad: FREE - Evento: FINALIZADO_VRAM
[14:38:53] - Job ID: 17 - Prioridad: FREE - Evento: DESENCOLANDO
[14:38:53] - Job ID: 17 - Prioridad: FREE - Evento: ASIGNADO_VRAM
[14:38:54] - Job ID: 17 - Prioridad: FREE - Evento: FINALIZADO_VRAM
[14:38:55] - Job ID: 16 - Prioridad: FREE - Evento: DESENCOLANDO
[14:38:55] - Job ID: 16 - Prioridad: FREE - Evento: ASIGNADO_VRAM
[14:38:56] - Job ID: 16 - Prioridad: FREE - Evento: FINALIZADO_VRAM
[14:38:56] - Job ID: 21 - Prioridad: FREE - Evento: DESENCOLANDO
[14:38:56] - Job ID: 21 - Prioridad: FREE - Evento: ASIGNADO_VRAM
[14:38:57] - Job ID: 21 - Prioridad: FREE - Evento: FINALIZADO_VRAM
[14:38:57] - Job ID: 20 - Prioridad: FREE - Evento: DESENCOLANDO
[14:38:57] - Job ID: 20 - Prioridad: FREE - Evento: ASIGNADO_VRAM
[14:38:58] - Job ID: 20 - Prioridad: FREE - Evento: FINALIZADO_VRAM
[14:38:58] - Job ID: 19 - Prioridad: FREE - Evento: DESENCOLANDO
[14:38:58] - Job ID: 19 - Prioridad: FREE - Evento: ASIGNADO_VRAM
[14:39:0] - Job ID: 19 - Prioridad: FREE - Evento: FINALIZADO_VRAM
[14:39:0] - Job ID: 24 - Prioridad: FREE - Evento: DESENCOLANDO
[14:39:0] - Job ID: 24 - Prioridad: FREE - Evento: ASIGNADO_VRAM
[14:39:1] - Job ID: 24 - Prioridad: FREE - Evento: FINALIZADO_VRAM
[14:39:1] - Job ID: 22 - Prioridad: FREE - Evento: DESENCOLANDO
[14:39:1] - Job ID: 22 - Prioridad: FREE - Evento: ASIGNADO_VRAM
[14:39:2] - Job ID: 22 - Prioridad: FREE - Evento: FINALIZADO_VRAM
[14:39:3] - Job ID: 23 - Prioridad: FREE - Evento: DESENCOLANDO
[14:39:3] - Job ID: 23 - Prioridad: FREE - Evento: ASIGNADO_VRAM
[14:39:4] - Job ID: 23 - Prioridad: FREE - Evento: FINALIZADO_VRAM
[14:39:4] - Job ID: 26 - Prioridad: FREE - Evento: DESENCOLANDO
[14:39:4] - Job ID: 26 - Prioridad: FREE - Evento: ASIGNADO_VRAM
[14:39:5] - Job ID: 26 - Prioridad: FREE - Evento: FINALIZADO_VRAM
[14:39:5] - Job ID: 25 - Prioridad: FREE - Evento: DESENCOLANDO
[14:39:5] - Job ID: 25 - Prioridad: FREE - Evento: ASIGNADO_VRAM
[14:39:6] - Job ID: 25 - Prioridad: FREE - Evento: FINALIZADO_VRAM
[14:39:7] - Job ID: 27 - Prioridad: FREE - Evento: DESENCOLANDO
[14:39:7] - Job ID: 27 - Prioridad: FREE - Evento: ASIGNADO_VRAM
[14:39:8] - Job ID: 27 - Prioridad: FREE - Evento: FINALIZADO_VRAM
[14:39:8] - Job ID: 28 - Prioridad: FREE - Evento: DESENCOLANDO
[14:39:8] - Job ID: 28 - Prioridad: FREE - Evento: ASIGNADO_VRAM
[14:39:9] - Job ID: 28 - Prioridad: FREE - Evento: FINALIZADO_VRAM
[14:39:9] - Job ID: 30 - Prioridad: FREE - Evento: DESENCOLANDO
[14:39:9] - Job ID: 30 - Prioridad: FREE - Evento: ASIGNADO_VRAM
[14:39:10] - Job ID: 30 - Prioridad: FREE - Evento: FINALIZADO_VRAM
[14:39:10] - Job ID: 29 - Prioridad: FREE - Evento: DESENCOLANDO
[14:39:10] - Job ID: 29 - Prioridad: FREE - Evento: ASIGNADO_VRAM
[14:39:12] - Job ID: 29 - Prioridad: FREE - Evento: FINALIZADO_VRAM
[14:39:12] - Job ID: 6 - Prioridad: PREMIUM - Evento: DESENCOLANDO
[14:39:12] - Job ID: 6 - Prioridad: PREMIUM - Evento: ASIGNADO_VRAM
[14:39:13] - Job ID: 6 - Prioridad: PREMIUM - Evento: FINALIZADO_VRAM
[14:39:13] - Job ID: 4 - Prioridad: PREMIUM - Evento: DESENCOLANDO
[14:39:13] - Job ID: 4 - Prioridad: PREMIUM - Evento: ASIGNADO_VRAM
[14:39:14] - Job ID: 4 - Prioridad: PREMIUM - Evento: FINALIZADO_VRAM
[14:39:14] - Job ID: 15 - Prioridad: PREMIUM - Evento: DESENCOLANDO
[14:39:14] - Job ID: 15 - Prioridad: PREMIUM - Evento: ASIGNADO_VRAM
[14:39:16] - Job ID: 15 - Prioridad: PREMIUM - Evento: FINALIZADO_VRAM
[14:39:16] - Job ID: 13 - Prioridad: PREMIUM - Evento: DESENCOLANDO
[14:39:16] - Job ID: 13 - Prioridad: PREMIUM - Evento: ASIGNADO_VRAM
[14:39:17] - Job ID: 13 - Prioridad: PREMIUM - Evento: FINALIZADO_VRAM
[14:39:17] - Job ID: 14 - Prioridad: PREMIUM - Evento: DESENCOLANDO
[14:39:17] - Job ID: 14 - Prioridad: PREMIUM - Evento: ASIGNADO_VRAM
[14:39:18] - Job ID: 14 - Prioridad: PREMIUM - Evento: FINALIZADO_VRAM
